<?xml version="1.0" encoding="UTF-8"?>
<!-- Generated by org.testng.reporters.JUnitReportReporter -->
<testsuite hostname="Surendhar-PC" failures="0" tests="3" name="com.TestNG.org.TestNG_Runner$Runner" time="19.345" errors="0" timestamp="2022-12-10T14:07:37 IST" skipped="1">
  <testcase classname="com.TestNG.org.TestNG_Runner$Runner" name="facebook" time="7.754"/>
  <system-out/>
  <testcase classname="com.TestNG.org.TestNG_Runner$Runner" name="facebook" time="11.591"/>
  <system-out/>
  <testcase classname="com.TestNG.org.TestNG_Runner$Runner" name="contactSales">
    <skipped/>
  </testcase> <!-- contactSales -->
  <system-out/>
</testsuite> <!-- com.TestNG.org.TestNG_Runner$Runner -->
