<?xml version="1.0" encoding="UTF-8"?>
<!-- Generated by org.testng.reporters.JUnitReportReporter -->
<testsuite hostname="Surendhar-PC" failures="0" tests="8" name="com.TestNG.org.TestNG_Runner" time="3.186" errors="1" timestamp="2022-12-13T15:48:15 IST" skipped="7">
  <testcase classname="com.TestNG.org.TestNG_Runner" name="launchUrl" time="3.186">
    <error message="target frame detached
  (failed to check if window was closed: disconnected: Unable to receive message from renderer)
  (Session info: chrome=108.0.5359.99)
Build info: version: &#039;3.141.59&#039;, revision: &#039;e82be7d358&#039;, time: &#039;2018-11-14T08:17:03&#039;
System info: host: &#039;SURENDHAR-PC&#039;, ip: &#039;192.168.0.198&#039;, os.name: &#039;Windows 7&#039;, os.arch: &#039;amd64&#039;, os.version: &#039;6.1&#039;, java.version: &#039;18.0.1&#039;
Driver info: org.openqa.selenium.chrome.ChromeDriver
Capabilities {acceptInsecureCerts: false, browserName: chrome, browserVersion: 108.0.5359.99, chrome: {chromedriverVersion: 107.0.5304.18 (fde5ebf4e16d..., userDataDir: C:\Users\SUREND~1\AppData\L...}, goog:chromeOptions: {debuggerAddress: localhost:50774}, javascriptEnabled: true, networkConnectionEnabled: false, pageLoadStrategy: normal, platform: WINDOWS, platformName: WINDOWS, proxy: Proxy(), setWindowRect: true, strictFileInteractability: false, timeouts: {implicit: 0, pageLoad: 300000, script: 30000}, unhandledPromptBehavior: dismiss and notify, webauthn:extension:credBlob: true, webauthn:extension:largeBlob: true, webauthn:virtualAuthenticators: true}
Session ID: e8d2c519b418fed5c58ff222fc659d57" type="org.openqa.selenium.WebDriverException">
      <![CDATA[org.openqa.selenium.WebDriverException: target frame detached
  (failed to check if window was closed: disconnected: Unable to receive message from renderer)
  (Session info: chrome=108.0.5359.99)
Build info: version: '3.141.59', revision: 'e82be7d358', time: '2018-11-14T08:17:03'
System info: host: 'SURENDHAR-PC', ip: '192.168.0.198', os.name: 'Windows 7', os.arch: 'amd64', os.version: '6.1', java.version: '18.0.1'
Driver info: org.openqa.selenium.chrome.ChromeDriver
Capabilities {acceptInsecureCerts: false, browserName: chrome, browserVersion: 108.0.5359.99, chrome: {chromedriverVersion: 107.0.5304.18 (fde5ebf4e16d..., userDataDir: C:\Users\SUREND~1\AppData\L...}, goog:chromeOptions: {debuggerAddress: localhost:50774}, javascriptEnabled: true, networkConnectionEnabled: false, pageLoadStrategy: normal, platform: WINDOWS, platformName: WINDOWS, proxy: Proxy(), setWindowRect: true, strictFileInteractability: false, timeouts: {implicit: 0, pageLoad: 300000, script: 30000}, unhandledPromptBehavior: dismiss and notify, webauthn:extension:credBlob: true, webauthn:extension:largeBlob: true, webauthn:virtualAuthenticators: true}
Session ID: e8d2c519b418fed5c58ff222fc659d57
at java.base/jdk.internal.reflect.DirectConstructorHandleAccessor.newInstance(DirectConstructorHandleAccessor.java:67)
at java.base/java.lang.reflect.Constructor.newInstanceWithCaller(Constructor.java:499)
at java.base/java.lang.reflect.Constructor.newInstance(Constructor.java:483)
at org.openqa.selenium.remote.http.W3CHttpResponseCodec.createException(W3CHttpResponseCodec.java:187)
at org.openqa.selenium.remote.http.W3CHttpResponseCodec.decode(W3CHttpResponseCodec.java:122)
at org.openqa.selenium.remote.http.W3CHttpResponseCodec.decode(W3CHttpResponseCodec.java:49)
at org.openqa.selenium.remote.HttpCommandExecutor.execute(HttpCommandExecutor.java:158)
at org.openqa.selenium.remote.service.DriverCommandExecutor.execute(DriverCommandExecutor.java:83)
at org.openqa.selenium.remote.RemoteWebDriver.execute(RemoteWebDriver.java:552)
at org.openqa.selenium.remote.RemoteWebDriver.get(RemoteWebDriver.java:277)
at com.TestNG.org.TestNG_Runner.launchUrl(TestNG_Runner.java:61)
at java.base/jdk.internal.reflect.DirectMethodHandleAccessor.invoke(DirectMethodHandleAccessor.java:104)
at java.base/java.lang.reflect.Method.invoke(Method.java:577)
at org.testng.internal.MethodInvocationHelper.invokeMethod(MethodInvocationHelper.java:133)
at org.testng.internal.MethodInvocationHelper.invokeMethodConsideringTimeout(MethodInvocationHelper.java:62)
at org.testng.internal.ConfigInvoker.invokeConfigurationMethod(ConfigInvoker.java:385)
at org.testng.internal.ConfigInvoker.invokeConfigurations(ConfigInvoker.java:321)
at org.testng.internal.TestInvoker.runConfigMethods(TestInvoker.java:700)
at org.testng.internal.TestInvoker.invokeMethod(TestInvoker.java:527)
at org.testng.internal.TestInvoker.invokeTestMethod(TestInvoker.java:173)
at org.testng.internal.MethodRunner.runInSequence(MethodRunner.java:46)
at org.testng.internal.TestInvoker$MethodInvocationAgent.invoke(TestInvoker.java:824)
at org.testng.internal.TestInvoker.invokeTestMethods(TestInvoker.java:146)
at org.testng.internal.TestMethodWorker.invokeTestMethods(TestMethodWorker.java:146)
at org.testng.internal.TestMethodWorker.run(TestMethodWorker.java:128)
at java.base/java.util.concurrent.ThreadPoolExecutor.runWorker(ThreadPoolExecutor.java:1136)
at java.base/java.util.concurrent.ThreadPoolExecutor$Worker.run(ThreadPoolExecutor.java:635)
at java.base/java.lang.Thread.run(Thread.java:833)
]]>
    </error>
  </testcase> <!-- launchUrl -->
  <system-out/>
  <testcase classname="com.TestNG.org.TestNG_Runner" name="bookADemo" time="0.000">
    <skipped/>
  </testcase> <!-- bookADemo -->
  <system-out/>
  <testcase classname="com.TestNG.org.TestNG_Runner" name="whatsApp">
    <skipped/>
  </testcase> <!-- whatsApp -->
  <system-out/>
  <testcase classname="com.TestNG.org.TestNG_Runner" name="youtube">
    <skipped/>
  </testcase> <!-- youtube -->
  <system-out/>
  <testcase classname="com.TestNG.org.TestNG_Runner" name="facebook">
    <skipped/>
  </testcase> <!-- facebook -->
  <system-out/>
  <testcase classname="com.TestNG.org.TestNG_Runner" name="instagram">
    <skipped/>
  </testcase> <!-- instagram -->
  <system-out/>
  <testcase classname="com.TestNG.org.TestNG_Runner" name="linkedIn">
    <skipped/>
  </testcase> <!-- linkedIn -->
  <system-out/>
  <testcase classname="com.TestNG.org.TestNG_Runner" name="contactSales">
    <skipped/>
  </testcase> <!-- contactSales -->
  <system-out/>
</testsuite> <!-- com.TestNG.org.TestNG_Runner -->
